{
  "RSpec": {
    "coverage": {
      "/home/cristiane/Desktop/QuizzTp2/spec/spec_helper.rb": [
        1
      ],
      "/home/cristiane/Desktop/QuizzTp2/User.rb": [
        1,
        1,
        1,
        null,
        null,
        1,
        1,
        1,
        1,
        null,
        1,
        null,
        1,
        2,
        2,
        null,
        null,
        1,
        12,
        null,
        null,
        null,
        null,
        null,
        null,
        null,
        1,
        1,
        1,
        1,
        1,
        1,
        1,
        1,
        1,
        1,
        1,
        1,
        1,
        null,
        null,
        null,
        null,
        null,
        null,
        null,
        null,
        null,
        null,
        null,
        null,
        null,
        null,
        null,
        null,
        null,
        null,
        null,
        null,
        null,
        null,
        null,
        null,
        null,
        null,
        null,
        null,
        null,
        null,
        null,
        null,
        null,
        null,
        null,
        null,
        null,
        null,
        null,
        null,
        null,
        null,
        null,
        null,
        null,
        null,
        null,
        null,
        null,
        null,
        null,
        null,
        null,
        null,
        null,
        null,
        null,
        null,
        null,
        null,
        null,
        null,
        null,
        null,
        null,
        null,
        null,
        null,
        null,
        null,
        null,
        null,
        null,
        null,
        null,
        null,
        null,
        null,
        null,
        null,
        null,
        null,
        null,
        null,
        null,
        null,
        null,
        null,
        null,
        null,
        null,
        null,
        null,
        null,
        null,
        null,
        null,
        null,
        null,
        null,
        null,
        null,
        null,
        null,
        null,
        null,
        null,
        null,
        null,
        null,
        null
      ],
      "/home/cristiane/Desktop/QuizzTp2/Disciplinas.rb": [
        1,
        null,
        1,
        null,
        3,
        3,
        3,
        3,
        3,
        null,
        null,
        3,
        3,
        3,
        3,
        null,
        2,
        0,
        0,
        null,
        2,
        2,
        null,
        2,
        2,
        2,
        2,
        2,
        null,
        null,
        1,
        null,
        null,
        null,
        1,
        2,
        2,
        4,
        null,
        null,
        null,
        null,
        1,
        7,
        6,
        6,
        6,
        5,
        5,
        5,
        null,
        1,
        null,
        2,
        null,
        null,
        null,
        null,
        1,
        10,
        27,
        27,
        4,
        null,
        null,
        6,
        null,
        null,
        1,
        2,
        2,
        2,
        2,
        2,
        2,
        null,
        0,
        null,
        null,
        null,
        1,
        1,
        1,
        1,
        1,
        1,
        1,
        null,
        null,
        1,
        1,
        1,
        1,
        null,
        null,
        null
      ],
      "/home/cristiane/Desktop/QuizzTp2/Quizz.rb": [
        1,
        1,
        5,
        4,
        4,
        4,
        4,
        null,
        4,
        null,
        null,
        null,
        1,
        6,
        4,
        4,
        4,
        null,
        4,
        4,
        4,
        null,
        4,
        2,
        2,
        2,
        2,
        2,
        2,
        2,
        null,
        0,
        null,
        null,
        null,
        2,
        2,
        2,
        2,
        2,
        2,
        2,
        2,
        0,
        0,
        null,
        2,
        0,
        0,
        null,
        2,
        1,
        1,
        null,
        1,
        null,
        null,
        null,
        null,
        null,
        null,
        2,
        2,
        null,
        null,
        4,
        4,
        4,
        null,
        null
      ],
      "/home/cristiane/Desktop/QuizzTp2/Autenticacao.rb": [
        1,
        1,
        6,
        5,
        5,
        13,
        13,
        1,
        null,
        null,
        null,
        5,
        null,
        null,
        1,
        5,
        4,
        null,
        1,
        null,
        5,
        null,
        null,
        null,
        null,
        null,
        null,
        1,
        6,
        1,
        1,
        null,
        5,
        5,
        5,
        5,
        null,
        null,
        5,
        null,
        null,
        null,
        null,
        null,
        null,
        null,
        null,
        1,
        15,
        15,
        15,
        38,
        38,
        14,
        14,
        14,
        14,
        9,
        null,
        5,
        null,
        14,
        14,
        null,
        null,
        null,
        1,
        null,
        null
      ]
    },
    "timestamp": 1499564840
  }
}
